# JRE version: Java(TM) SE Runtime Environment (8.0_161-b12) (build 1.8.0_161-b12)
# Java VM: Java HotSpot(TM) 64-Bit Server VM (25.161-b12 mixed mode windows-amd64 compressed oops)
Heap:
 PSYoungGen      total 37888K, used 28571K [0x00000000d6000000, 0x00000000d8a00000, 0x0000000100000000)
  eden space 32768K, 71% used [0x00000000d6000000,0x00000000d76eb9f0,0x00000000d8000000)
  from space 5120K, 99% used [0x00000000d8000000,0x00000000d84fb5b8,0x00000000d8500000)
  to   space 5120K, 0% used [0x00000000d8500000,0x00000000d8500000,0x00000000d8a00000)
 ParOldGen       total 86016K, used 62237K [0x0000000082000000, 0x0000000087400000, 0x00000000d6000000)
  object space 86016K, 72% used [0x0000000082000000,0x0000000085cc7670,0x0000000087400000)
 Metaspace       used 9839K, capacity 10098K, committed 10240K, reserved 1058816K
  class space    used 1138K, capacity 1197K, committed 1280K, reserved 1048576K
GC Heap History (6 events):
Event: 0.667 GC heap before
{Heap before GC invocations=1 (full 0):
 PSYoungGen      total 37888K, used 32768K [0x00000000d6000000, 0x00000000d8a00000, 0x0000000100000000)
  eden space 32768K, 100% used [0x00000000d6000000,0x00000000d8000000,0x00000000d8000000)
  from space 5120K, 0% used [0x00000000d8500000,0x00000000d8500000,0x00000000d8a00000)
  to   space 5120K, 0% used [0x00000000d8000000,0x00000000d8000000,0x00000000d8500000)
 ParOldGen       total 86016K, used 44490K [0x0000000082000000, 0x0000000087400000, 0x00000000d6000000)
  object space 86016K, 51% used [0x0000000082000000,0x0000000084b72900,0x0000000087400000)
 Metaspace       used 8904K, capacity 9078K, committed 9216K, reserved 1056768K
  class space    used 1089K, capacity 1163K, committed 1280K, reserved 1048576K
Event: 0.672 GC heap after
Heap after GC invocations=1 (full 0):
 PSYoungGen      total 37888K, used 5110K [0x00000000d6000000, 0x00000000d8a00000, 0x0000000100000000)
  eden space 32768K, 0% used [0x00000000d6000000,0x00000000d6000000,0x00000000d8000000)
  from space 5120K, 99% used [0x00000000d8000000,0x00000000d84fdbc8,0x00000000d8500000)
  to   space 5120K, 0% used [0x00000000d8500000,0x00000000d8500000,0x00000000d8a00000)
 ParOldGen       total 86016K, used 46674K [0x0000000082000000, 0x0000000087400000, 0x00000000d6000000)
  object space 86016K, 54% used [0x0000000082000000,0x0000000084d94b50,0x0000000087400000)
 Metaspace       used 8904K, capacity 9078K, committed 9216K, reserved 1056768K
  class space    used 1089K, capacity 1163K, committed 1280K, reserved 1048576K
}
Event: 0.815 GC heap before
{Heap before GC invocations=2 (full 0):
 PSYoungGen      total 37888K, used 36753K [0x00000000d6000000, 0x00000000d8a00000, 0x0000000100000000)
  eden space 32768K, 96% used [0x00000000d6000000,0x00000000d7ee6920,0x00000000d8000000)
  from space 5120K, 99% used [0x00000000d8000000,0x00000000d84fdbc8,0x00000000d8500000)
  to   space 5120K, 0% used [0x00000000d8500000,0x00000000d8500000,0x00000000d8a00000)
 ParOldGen       total 86016K, used 46674K [0x0000000082000000, 0x0000000087400000, 0x00000000d6000000)
  object space 86016K, 54% used [0x0000000082000000,0x0000000084d94b50,0x0000000087400000)
 Metaspace       used 9119K, capacity 9302K, committed 9472K, reserved 1056768K
  class space    used 1122K, capacity 1195K, committed 1280K, reserved 1048576K
Event: 0.818 GC heap after
Heap after GC invocations=2 (full 0):
 PSYoungGen      total 37888K, used 5110K [0x00000000d6000000, 0x00000000daa00000, 0x0000000100000000)
  eden space 32768K, 0% used [0x00000000d6000000,0x00000000d6000000,0x00000000d8000000)
  from space 5120K, 99% used [0x00000000d8500000,0x00000000d89fdbc8,0x00000000d8a00000)
  to   space 5120K, 0% used [0x00000000d8000000,0x00000000d8000000,0x00000000d8500000)
 ParOldGen       total 86016K, used 48651K [0x0000000082000000, 0x0000000087400000, 0x00000000d6000000)
  object space 86016K, 56% used [0x0000000082000000,0x0000000084f82ff0,0x0000000087400000)
 Metaspace       used 9119K, capacity 9302K, committed 9472K, reserved 1056768K
  class space    used 1122K, capacity 1195K, committed 1280K, reserved 1048576K
}
Event: 34.291 GC heap before
{Heap before GC invocations=3 (full 0):
 PSYoungGen      total 37888K, used 37878K [0x00000000d6000000, 0x00000000daa00000, 0x0000000100000000)
  eden space 32768K, 100% used [0x00000000d6000000,0x00000000d8000000,0x00000000d8000000)
  from space 5120K, 99% used [0x00000000d8500000,0x00000000d89fdbc8,0x00000000d8a00000)
  to   space 5120K, 0% used [0x00000000d8000000,0x00000000d8000000,0x00000000d8500000)
 ParOldGen       total 86016K, used 48651K [0x0000000082000000, 0x0000000087400000, 0x00000000d6000000)
  object space 86016K, 56% used [0x0000000082000000,0x0000000084f82ff0,0x0000000087400000)
 Metaspace       used 9838K, capacity 10098K, committed 10240K, reserved 1058816K
  class space    used 1138K, capacity 1197K, committed 1280K, reserved 1048576K
Event: 34.304 GC heap after
Heap after GC invocations=3 (full 0):
 PSYoungGen      total 37888K, used 5101K [0x00000000d6000000, 0x00000000d8a00000, 0x0000000100000000)
  eden space 32768K, 0% used [0x00000000d6000000,0x00000000d6000000,0x00000000d8000000)
  from space 5120K, 99% used [0x00000000d8000000,0x00000000d84fb5b8,0x00000000d8500000)
  to   space 5120K, 0% used [0x00000000d8500000,0x00000000d8500000,0x00000000d8a00000)
 ParOldGen       total 86016K, used 62237K [0x0000000082000000, 0x0000000087400000, 0x00000000d6000000)
  object space 86016K, 72% used [0x0000000082000000,0x0000000085cc7670,0x0000000087400000)
 Metaspace       used 9838K, capacity 10098K, committed 10240K, reserved 1058816K
  class space    used 1138K, capacity 1197K, committed 1280K, reserved 1048576K
}

